# JRE version: Java(TM) SE Runtime Environment (8.0_211-b12) (build 1.8.0_211-b12)
# Java VM: Java HotSpot(TM) 64-Bit Server VM (25.211-b12 mixed mode windows-amd64 compressed oops)
Heap:
 PSYoungGen      total 1347072K, used 900472K [0x000000076ab00000, 0x00000007bfb80000, 0x00000007c0000000)
  eden space 1307136K, 68% used [0x000000076ab00000,0x00000007a18ce230,0x00000007ba780000)
  from space 39936K, 4% used [0x00000007bd480000,0x00000007bd610020,0x00000007bfb80000)
  to   space 43008K, 0% used [0x00000007ba780000,0x00000007ba780000,0x00000007bd180000)
 ParOldGen       total 190976K, used 83036K [0x00000006c0000000, 0x00000006cba80000, 0x000000076ab00000)
  object space 190976K, 43% used [0x00000006c0000000,0x00000006c51170c0,0x00000006cba80000)
 Metaspace       used 53492K, capacity 54850K, committed 55040K, reserved 1095680K
  class space    used 8380K, capacity 8667K, committed 8704K, reserved 1048576K
GC Heap History (10 events):
Event: 74.015 GC heap before
{Heap before GC invocations=23 (full 3):
 PSYoungGen      total 1105920K, used 1055808K [0x000000076ab00000, 0x00000007ba980000, 0x00000007c0000000)
  eden space 1055232K, 100% used [0x000000076ab00000,0x00000007ab180000,0x00000007ab180000)
  from space 50688K, 1% used [0x00000007ab180000,0x00000007ab210010,0x00000007ae300000)
  to   space 50176K, 0% used [0x00000007b7880000,0x00000007b7880000,0x00000007ba980000)
 ParOldGen       total 190976K, used 83036K [0x00000006c0000000, 0x00000006cba80000, 0x000000076ab00000)
  object space 190976K, 43% used [0x00000006c0000000,0x00000006c51170c0,0x00000006cba80000)
 Metaspace       used 53427K, capacity 54696K, committed 54784K, reserved 1095680K
  class space    used 8369K, capacity 8660K, committed 8704K, reserved 1048576K
Event: 74.018 GC heap after
Heap after GC invocations=23 (full 3):
 PSYoungGen      total 1225216K, used 1120K [0x000000076ab00000, 0x00000007b9800000, 0x00000007c0000000)
  eden space 1192960K, 0% used [0x000000076ab00000,0x000000076ab00000,0x00000007b3800000)
  from space 32256K, 3% used [0x00000007b7880000,0x00000007b7998020,0x00000007b9800000)
  to   space 49152K, 0% used [0x00000007b3800000,0x00000007b3800000,0x00000007b6800000)
 ParOldGen       total 190976K, used 83036K [0x00000006c0000000, 0x00000006cba80000, 0x000000076ab00000)
  object space 190976K, 43% used [0x00000006c0000000,0x00000006c51170c0,0x00000006cba80000)
 Metaspace       used 53427K, capacity 54696K, committed 54784K, reserved 1095680K
  class space    used 8369K, capacity 8660K, committed 8704K, reserved 1048576K
}
Event: 75.408 GC heap before
{Heap before GC invocations=24 (full 3):
 PSYoungGen      total 1225216K, used 1194080K [0x000000076ab00000, 0x00000007b9800000, 0x00000007c0000000)
  eden space 1192960K, 100% used [0x000000076ab00000,0x00000007b3800000,0x00000007b3800000)
  from space 32256K, 3% used [0x00000007b7880000,0x00000007b7998020,0x00000007b9800000)
  to   space 49152K, 0% used [0x00000007b3800000,0x00000007b3800000,0x00000007b6800000)
 ParOldGen       total 190976K, used 83036K [0x00000006c0000000, 0x00000006cba80000, 0x000000076ab00000)
  object space 190976K, 43% used [0x00000006c0000000,0x00000006c51170c0,0x00000006cba80000)
 Metaspace       used 53427K, capacity 54696K, committed 54784K, reserved 1095680K
  class space    used 8369K, capacity 8660K, committed 8704K, reserved 1048576K
Event: 75.411 GC heap after
Heap after GC invocations=24 (full 3):
 PSYoungGen      total 1242112K, used 1728K [0x000000076ab00000, 0x00000007c0000000, 0x00000007c0000000)
  eden space 1192960K, 0% used [0x000000076ab00000,0x000000076ab00000,0x00000007b3800000)
  from space 49152K, 3% used [0x00000007b3800000,0x00000007b39b0020,0x00000007b6800000)
  to   space 47616K, 0% used [0x00000007bd180000,0x00000007bd180000,0x00000007c0000000)
 ParOldGen       total 190976K, used 83036K [0x00000006c0000000, 0x00000006cba80000, 0x000000076ab00000)
  object space 190976K, 43% used [0x00000006c0000000,0x00000006c51170c0,0x00000006cba80000)
 Metaspace       used 53427K, capacity 54696K, committed 54784K, reserved 1095680K
  class space    used 8369K, capacity 8660K, committed 8704K, reserved 1048576K
}
Event: 76.722 GC heap before
{Heap before GC invocations=25 (full 3):
 PSYoungGen      total 1242112K, used 1194688K [0x000000076ab00000, 0x00000007c0000000, 0x00000007c0000000)
  eden space 1192960K, 100% used [0x000000076ab00000,0x00000007b3800000,0x00000007b3800000)
  from space 49152K, 3% used [0x00000007b3800000,0x00000007b39b0020,0x00000007b6800000)
  to   space 47616K, 0% used [0x00000007bd180000,0x00000007bd180000,0x00000007c0000000)
 ParOldGen       total 190976K, used 83036K [0x00000006c0000000, 0x00000006cba80000, 0x000000076ab00000)
  object space 190976K, 43% used [0x00000006c0000000,0x00000006c51170c0,0x00000006cba80000)
 Metaspace       used 53427K, capacity 54696K, committed 54784K, reserved 1095680K
  class space    used 8369K, capacity 8660K, committed 8704K, reserved 1048576K
Event: 76.725 GC heap after
Heap after GC invocations=25 (full 3):
 PSYoungGen      total 1344000K, used 1376K [0x000000076ab00000, 0x00000007bfb80000, 0x00000007c0000000)
  eden space 1300992K, 0% used [0x000000076ab00000,0x000000076ab00000,0x00000007ba180000)
  from space 43008K, 3% used [0x00000007bd180000,0x00000007bd2d8020,0x00000007bfb80000)
  to   space 46080K, 0% used [0x00000007ba180000,0x00000007ba180000,0x00000007bce80000)
 ParOldGen       total 190976K, used 83036K [0x00000006c0000000, 0x00000006cba80000, 0x000000076ab00000)
  object space 190976K, 43% used [0x00000006c0000000,0x00000006c51170c0,0x00000006cba80000)
 Metaspace       used 53427K, capacity 54696K, committed 54784K, reserved 1095680K
  class space    used 8369K, capacity 8660K, committed 8704K, reserved 1048576K
}
Event: 78.206 GC heap before
{Heap before GC invocations=26 (full 3):
 PSYoungGen      total 1344000K, used 1302368K [0x000000076ab00000, 0x00000007bfb80000, 0x00000007c0000000)
  eden space 1300992K, 100% used [0x000000076ab00000,0x00000007ba180000,0x00000007ba180000)
  from space 43008K, 3% used [0x00000007bd180000,0x00000007bd2d8020,0x00000007bfb80000)
  to   space 46080K, 0% used [0x00000007ba180000,0x00000007ba180000,0x00000007bce80000)
 ParOldGen       total 190976K, used 83036K [0x00000006c0000000, 0x00000006cba80000, 0x000000076ab00000)
  object space 190976K, 43% used [0x00000006c0000000,0x00000006c51170c0,0x00000006cba80000)
 Metaspace       used 53427K, capacity 54696K, committed 54784K, reserved 1095680K
  class space    used 8369K, capacity 8660K, committed 8704K, reserved 1048576K
Event: 78.209 GC heap after
Heap after GC invocations=26 (full 3):
 PSYoungGen      total 1347072K, used 1056K [0x000000076ab00000, 0x00000007c0000000, 0x00000007c0000000)
  eden space 1300992K, 0% used [0x000000076ab00000,0x000000076ab00000,0x00000007ba180000)
  from space 46080K, 2% used [0x00000007ba180000,0x00000007ba288010,0x00000007bce80000)
  to   space 44544K, 0% used [0x00000007bd480000,0x00000007bd480000,0x00000007c0000000)
 ParOldGen       total 190976K, used 83036K [0x00000006c0000000, 0x00000006cba80000, 0x000000076ab00000)
  object space 190976K, 43% used [0x00000006c0000000,0x00000006c51170c0,0x00000006cba80000)
 Metaspace       used 53427K, capacity 54696K, committed 54784K, reserved 1095680K
  class space    used 8369K, capacity 8660K, committed 8704K, reserved 1048576K
}
Event: 79.648 GC heap before
{Heap before GC invocations=27 (full 3):
 PSYoungGen      total 1347072K, used 1302048K [0x000000076ab00000, 0x00000007c0000000, 0x00000007c0000000)
  eden space 1300992K, 100% used [0x000000076ab00000,0x00000007ba180000,0x00000007ba180000)
  from space 46080K, 2% used [0x00000007ba180000,0x00000007ba288010,0x00000007bce80000)
  to   space 44544K, 0% used [0x00000007bd480000,0x00000007bd480000,0x00000007c0000000)
 ParOldGen       total 190976K, used 83036K [0x00000006c0000000, 0x00000006cba80000, 0x000000076ab00000)
  object space 190976K, 43% used [0x00000006c0000000,0x00000006c51170c0,0x00000006cba80000)
 Metaspace       used 53427K, capacity 54696K, committed 54784K, reserved 1095680K
  class space    used 8369K, capacity 8660K, committed 8704K, reserved 1048576K
Event: 79.651 GC heap after
Heap after GC invocations=27 (full 3):
 PSYoungGen      total 1347072K, used 1600K [0x000000076ab00000, 0x00000007bfb80000, 0x00000007c0000000)
  eden space 1307136K, 0% used [0x000000076ab00000,0x000000076ab00000,0x00000007ba780000)
  from space 39936K, 4% used [0x00000007bd480000,0x00000007bd610020,0x00000007bfb80000)
  to   space 43008K, 0% used [0x00000007ba780000,0x00000007ba780000,0x00000007bd180000)
 ParOldGen       total 190976K, used 83036K [0x00000006c0000000, 0x00000006cba80000, 0x000000076ab00000)
  object space 190976K, 43% used [0x00000006c0000000,0x00000006c51170c0,0x00000006cba80000)
 Metaspace       used 53427K, capacity 54696K, committed 54784K, reserved 1095680K
  class space    used 8369K, capacity 8660K, committed 8704K, reserved 1048576K
}

